{
  "RSpec": {
    "coverage": {
      "/home/lucas/code/lucsande/DeliveryCenterParser/lib/custom_error/parsing_error.rb": [
        null,
        1
      ],
      "/home/lucas/code/lucsande/DeliveryCenterParser/lib/delivery_center/api.rb": [
        null,
        1,
        null,
        1,
        1,
        null,
        1,
        1,
        10,
        10,
        null,
        10,
        null,
        9,
        null,
        null,
        null,
        null
      ],
      "/home/lucas/code/lucsande/DeliveryCenterParser/lib/custom_error/delivery_center/api_error.rb": [
        1,
        null,
        1,
        null
      ],
      "/home/lucas/code/lucsande/DeliveryCenterParser/lib/parser/marketplace_to_delivery_center/order_payload.rb": [
        null,
        1,
        null,
        1,
        null,
        1,
        1,
        1,
        41,
        null,
        null,
        null,
        null,
        null,
        null,
        null,
        null,
        41,
        41,
        null,
        10,
        null,
        null,
        1,
        null,
        1,
        123,
        null,
        66,
        null,
        null,
        1,
        41,
        null,
        23,
        23,
        null,
        null,
        1,
        41,
        null,
        null,
        null,
        null,
        null,
        41,
        null,
        null,
        1,
        null,
        null,
        null,
        null,
        null,
        41,
        null,
        null,
        null,
        1,
        41,
        null,
        null,
        null,
        null,
        null,
        null,
        null,
        null,
        null,
        null,
        null,
        null,
        41,
        null,
        null,
        null,
        1,
        41,
        41,
        41,
        null,
        null,
        null,
        null,
        null,
        null,
        null,
        41,
        null,
        null,
        null,
        1,
        41,
        null,
        22,
        26,
        null,
        null,
        null,
        null,
        null,
        null,
        null,
        null,
        26,
        null,
        null,
        22,
        null,
        null,
        null,
        1,
        41,
        null,
        22,
        24,
        24,
        null,
        null,
        null,
        null,
        24,
        null,
        null,
        22,
        null,
        null,
        1,
        24,
        null,
        null,
        null,
        1,
        122,
        122,
        1112,
        1134,
        null,
        1088,
        null,
        null,
        98,
        98,
        null,
        null,
        null,
        null,
        null
      ],
      "/home/lucas/code/lucsande/DeliveryCenterParser/app/controllers/api/v1/orders_controller.rb": [
        1,
        1,
        null,
        1,
        null,
        1,
        null,
        1,
        null,
        1,
        9,
        7,
        null,
        null,
        null,
        null,
        null,
        2,
        null,
        null,
        null,
        null
      ],
      "/home/lucas/code/lucsande/DeliveryCenterParser/app/controllers/application_controller.rb": [
        1,
        null
      ],
      "/home/lucas/code/lucsande/DeliveryCenterParser/app/models/order.rb": [
        1,
        1,
        1,
        1,
        1,
        1,
        1,
        null,
        null,
        null
      ],
      "/home/lucas/code/lucsande/DeliveryCenterParser/app/models/application_record.rb": [
        1,
        1,
        null
      ],
      "/home/lucas/code/lucsande/DeliveryCenterParser/app/services/process_order.rb": [
        1,
        1,
        null,
        null,
        1,
        1,
        null,
        null,
        1,
        9,
        7,
        null,
        7,
        7,
        null,
        2,
        2,
        null,
        null,
        1,
        null,
        1,
        7,
        7,
        7,
        7,
        7,
        7,
        null,
        null,
        null,
        1,
        7,
        null,
        null,
        1,
        7,
        7,
        7,
        null,
        null,
        7,
        null,
        7,
        null,
        null,
        1,
        7,
        7,
        7,
        7,
        7,
        null,
        7,
        null,
        null,
        1,
        7,
        null,
        7,
        null,
        null,
        null,
        null,
        1,
        7,
        14,
        null,
        7,
        null,
        null,
        null,
        null,
        null,
        null,
        null,
        null,
        null,
        null,
        null,
        null,
        null,
        null,
        null,
        null,
        null,
        null,
        null,
        null,
        null,
        null,
        14,
        14,
        null,
        7,
        null,
        null,
        null,
        null,
        null
      ],
      "/home/lucas/code/lucsande/DeliveryCenterParser/app/models/store.rb": [
        1,
        1,
        null,
        null,
        null
      ],
      "/home/lucas/code/lucsande/DeliveryCenterParser/app/models/product.rb": [
        1,
        1,
        null,
        null,
        null
      ],
      "/home/lucas/code/lucsande/DeliveryCenterParser/app/models/payment_type.rb": [
        1,
        1,
        null,
        null,
        null
      ],
      "/home/lucas/code/lucsande/DeliveryCenterParser/app/models/payment.rb": [
        1,
        1,
        1,
        null
      ],
      "/home/lucas/code/lucsande/DeliveryCenterParser/app/models/customer.rb": [
        1,
        1,
        null,
        null,
        null
      ],
      "/home/lucas/code/lucsande/DeliveryCenterParser/app/models/orders_product.rb": [
        1,
        1,
        1,
        null
      ],
      "/home/lucas/code/lucsande/DeliveryCenterParser/app/models/orders_payment.rb": [
        1,
        1,
        1,
        null
      ],
      "/home/lucas/code/lucsande/DeliveryCenterParser/app/models/failed_order_log.rb": [
        1,
        null
      ]
    },
    "timestamp": 1611506102
  }
}
